<?xml version="1.0" encoding="UTF-8"?>
<!-- Generated by org.testng.reporters.JUnitReportReporter -->
<testsuite hostname="DESKTOP-3110PB3" failures="0" tests="2" name="com.automationtestings.AppTest" time="0.007" errors="0" timestamp="11 Aug 2022 08:56:00 GMT">
  <testcase classname="com.automationtestings.AppTest" name="testLogin1" time="0.007"/>
  <testcase classname="com.automationtestings.AppTest" name="testLogin2" time="0.000"/>
</testsuite> <!-- com.automationtestings.AppTest -->
